Build started 11/5/2014 4:15:19 PM.
     1>Project "D:\VS\LibISR\LibISR\LibISR.vcxproj" on node 2 (Build target(s)).
     1>ClCompile:
         C:\Program Files (x86)\Microsoft Visual Studio 12.0\VC\bin\x86_amd64\CL.exe /c /I"C:\Program Files\NVIDIA GPU Computing Toolkit\CUDA\v6.5\include" /Zi /nologo /W3 /WX- /O2 /Oi /GL /D WIN32 /D NDEBUG /D _CONSOLE /D _UNICODE /D UNICODE /Gm- /EHsc /MD /GS /Gy /fp:precise /Zc:wchar_t /Zc:forScope /Fo"x64\Release\\" /Fd"x64\Release\vc120.pdb" /Gd /TP /errorReport:prompt CoreISR\Engine\ISRTrackingEngine.cpp CoreISR\Utils\ISRCalibIO.cpp Engine\ImageSourceEngine.cpp main.cpp Utils\IOUtil.cpp
         ISRTrackingEngine.cpp
     1>d:\vs\libisr\libisr\coreisr\engine\..//Objects//ISRHistogram.h(59): error C2039: 'data' : is not a member of 'CoreISR::Objects::ISRImage<Vector4u>'
     1>d:\vs\libisr\libisr\coreisr\engine\..//Objects//ISRHistogram.h(61): error C2039: 'height' : is not a member of 'CoreISR::Objects::ISRImage<uchar>'
     1>d:\vs\libisr\libisr\coreisr\engine\..//Objects//ISRHistogram.h(61): error C2039: 'width' : is not a member of 'CoreISR::Objects::ISRImage<uchar>'
     1>d:\vs\libisr\libisr\coreisr\engine\..//Objects//ISRHistogram.h(63): error C2039: 'width' : is not a member of 'CoreISR::Objects::ISRImage<uchar>'
     1>d:\vs\libisr\libisr\coreisr\engine\..//Objects//ISRHistogram.h(70): error C2039: 'data' : is not a member of 'CoreISR::Objects::ISRImage<uchar>'
     1>d:\vs\libisr\libisr\coreisr\engine\..//Objects//ISRShape.h(54): warning C4244: '=' : conversion from 'double' to 'int', possible loss of data
     1>d:\vs\libisr\libisr\coreisr\engine\..//Objects//ISRShape.h(122): warning C4244: 'initializing' : conversion from 'double' to 'int', possible loss of data
     1>d:\vs\libisr\libisr\coreisr\engine\..//Objects//ISRShape.h(123): warning C4244: 'initializing' : conversion from 'double' to 'int', possible loss of data
     1>d:\vs\libisr\libisr\coreisr\engine\..//Objects//ISRShape.h(124): warning C4244: 'initializing' : conversion from 'double' to 'int', possible loss of data
     1>d:\vs\libisr\libisr\coreisr\engine\..//Objects//ISRShape.h(134): warning C4244: 'initializing' : conversion from 'double' to 'int', possible loss of data
     1>d:\vs\libisr\libisr\coreisr\engine\..//Objects//ISRShape.h(135): warning C4244: 'initializing' : conversion from 'double' to 'int', possible loss of data
     1>d:\vs\libisr\libisr\coreisr\engine\..//Objects//ISRShape.h(136): warning C4244: 'initializing' : conversion from 'double' to 'int', possible loss of data
     1>d:\vs\libisr\libisr\coreisr\objects\..//Objects//ISRView.h(90): error C2065: 'displayDepthImage' : undeclared identifier
     1>d:\vs\libisr\libisr\coreisr\objects\..//Objects//ISRView.h(90): error C2227: left of '->data' must point to class/struct/union/generic type
                 type is 'unknown-type'
     1>d:\vs\libisr\libisr\coreisr\objects\..//Objects//ISRView.h(90): error C2228: left of '.x' must have class/struct/union
     1>d:\vs\libisr\libisr\coreisr\objects\..//Objects//ISRView.h(91): error C2065: 'displayDepthImage' : undeclared identifier
     1>d:\vs\libisr\libisr\coreisr\objects\..//Objects//ISRView.h(91): error C2227: left of '->data' must point to class/struct/union/generic type
                 type is 'unknown-type'
     1>d:\vs\libisr\libisr\coreisr\objects\..//Objects//ISRView.h(91): error C2228: left of '.y' must have class/struct/union
     1>d:\vs\libisr\libisr\coreisr\objects\..//Objects//ISRView.h(92): error C2065: 'displayDepthImage' : undeclared identifier
     1>d:\vs\libisr\libisr\coreisr\objects\..//Objects//ISRView.h(92): error C2227: left of '->data' must point to class/struct/union/generic type
                 type is 'unknown-type'
     1>d:\vs\libisr\libisr\coreisr\objects\..//Objects//ISRView.h(92): error C2228: left of '.z' must have class/struct/union
     1>d:\vs\libisr\libisr\coreisr\objects\..//Objects//ISRView.h(96): error C2065: 'extrinsics' : undeclared identifier
     1>d:\vs\libisr\libisr\coreisr\objects\..//Objects//ISRView.h(96): error C2227: left of '->rH' must point to class/struct/union/generic type
                 type is 'unknown-type'
     1>d:\vs\libisr\libisr\coreisr\objects\..//Objects//ISRView.h(97): error C2065: 'extrinsics' : undeclared identifier
     1>d:\vs\libisr\libisr\coreisr\objects\..//Objects//ISRView.h(97): error C2227: left of '->rT' must point to class/struct/union/generic type
                 type is 'unknown-type'
     1>d:\vs\libisr\libisr\coreisr\objects\..//Objects//ISRView.h(111): error C2039: 'width' : is not a member of 'CoreISR::Objects::ISRView'
                 d:\vs\libisr\libisr\coreisr\objects\..//Objects//ISRView.h(23) : see declaration of 'CoreISR::Objects::ISRView'
     1>d:\vs\libisr\libisr\coreisr\objects\..//Objects//ISRView.h(113): error C2039: 'width' : is not a member of 'CoreISR::Objects::ISRView'
                 d:\vs\libisr\libisr\coreisr\objects\..//Objects//ISRView.h(23) : see declaration of 'CoreISR::Objects::ISRView'
     1>d:\vs\libisr\libisr\coreisr\objects\..//Objects//ISRView.h(113): error C2039: 'height' : is not a member of 'CoreISR::Objects::ISRView'
                 d:\vs\libisr\libisr\coreisr\objects\..//Objects//ISRView.h(23) : see declaration of 'CoreISR::Objects::ISRView'
     1>d:\vs\libisr\libisr\coreisr\objects\..//Objects//ISRView.h(115): error C2039: 'data' : is not a member of 'CoreISR::Objects::ISRImage<Vector4u>'
     1>d:\vs\libisr\libisr\coreisr\objects\..//Objects//ISRView.h(115): error C2228: left of '.x' must have class/struct/union
     1>d:\vs\libisr\libisr\coreisr\objects\..//Objects//ISRView.h(116): error C2039: 'data' : is not a member of 'CoreISR::Objects::ISRImage<Vector4u>'
     1>d:\vs\libisr\libisr\coreisr\objects\..//Objects//ISRView.h(116): error C2228: left of '.y' must have class/struct/union
     1>d:\vs\libisr\libisr\coreisr\objects\..//Objects//ISRView.h(117): error C2039: 'data' : is not a member of 'CoreISR::Objects::ISRImage<Vector4u>'
     1>d:\vs\libisr\libisr\coreisr\objects\..//Objects//ISRView.h(117): error C2228: left of '.z' must have class/struct/union
     1>d:\vs\libisr\libisr\coreisr\objects\..//Objects//ISRView.h(123): error C2039: 'data' : is not a member of 'CoreISR::Objects::ISRImage<Vector4u>'
     1>d:\vs\libisr\libisr\coreisr\objects\..//Objects//ISRView.h(123): error C2228: left of '.x' must have class/struct/union
     1>d:\vs\libisr\libisr\coreisr\objects\..//Objects//ISRView.h(124): error C2039: 'data' : is not a member of 'CoreISR::Objects::ISRImage<Vector4u>'
     1>d:\vs\libisr\libisr\coreisr\objects\..//Objects//ISRView.h(124): error C2228: left of '.y' must have class/struct/union
     1>d:\vs\libisr\libisr\coreisr\objects\..//Objects//ISRView.h(125): error C2039: 'data' : is not a member of 'CoreISR::Objects::ISRImage<Vector4u>'
     1>d:\vs\libisr\libisr\coreisr\objects\..//Objects//ISRView.h(125): error C2228: left of '.z' must have class/struct/union
     1>d:\vs\libisr\libisr\coreisr\objects\..//Objects//ISRFrame.h(46): error C2039: 'width' : is not a member of 'CoreISR::Objects::ISRFrame'
                 d:\vs\libisr\libisr\coreisr\objects\..//Objects//ISRFrame.h(21) : see declaration of 'CoreISR::Objects::ISRFrame'
     1>d:\vs\libisr\libisr\coreisr\objects\..//Objects//ISRFrame.h(47): error C2039: 'height' : is not a member of 'CoreISR::Objects::ISRFrame'
                 d:\vs\libisr\libisr\coreisr\objects\..//Objects//ISRFrame.h(21) : see declaration of 'CoreISR::Objects::ISRFrame'
     1>d:\vs\libisr\libisr\coreisr\objects\..//Objects//ISRFrame.h(50): warning C4800: 'int' : forcing value to bool 'true' or 'false' (performance warning)
     1>d:\vs\libisr\libisr\coreisr\objects\..//Objects//ISRFrame.h(51): warning C4800: 'int' : forcing value to bool 'true' or 'false' (performance warning)
     1>d:\vs\libisr\libisr\coreisr\objects\..//Objects//ISRFrame.h(52): warning C4800: 'int' : forcing value to bool 'true' or 'false' (performance warning)
     1>d:\vs\libisr\libisr\coreisr\objects\..//Objects//ISRFrame.h(53): warning C4800: 'int' : forcing value to bool 'true' or 'false' (performance warning)
     1>d:\vs\libisr\libisr\coreisr\objects\..//Objects//ISRFrame.h(54): warning C4800: 'int' : forcing value to bool 'true' or 'false' (performance warning)
     1>d:\vs\libisr\libisr\coreisr\objects\..//Objects//ISRFrame.h(55): warning C4800: 'int' : forcing value to bool 'true' or 'false' (performance warning)
     1>d:\vs\libisr\libisr\coreisr\objects\..//Objects//ISRFrame.h(56): warning C4800: 'int' : forcing value to bool 'true' or 'false' (performance warning)
     1>d:\vs\libisr\libisr\coreisr\objects\..//Objects//ISRFrame.h(59): warning C4800: 'int' : forcing value to bool 'true' or 'false' (performance warning)
     1>d:\vs\libisr\libisr\coreisr\objects\..//Objects//ISRFrame.h(60): warning C4800: 'int' : forcing value to bool 'true' or 'false' (performance warning)
     1>d:\vs\libisr\libisr\coreisr\objects\..//Objects//ISRFrame.h(73): error C2039: 'intrinsics' : is not a member of 'CoreISR::Objects::ISRFrame'
                 d:\vs\libisr\libisr\coreisr\objects\..//Objects//ISRFrame.h(21) : see declaration of 'CoreISR::Objects::ISRFrame'
     1>d:\vs\libisr\libisr\coreisr\objects\..//Objects//ISRFrame.h(74): error C2039: 'extrinsics' : is not a member of 'CoreISR::Objects::ISRFrame'
                 d:\vs\libisr\libisr\coreisr\objects\..//Objects//ISRFrame.h(21) : see declaration of 'CoreISR::Objects::ISRFrame'
     1>d:\vs\libisr\libisr\coreisr\objects\..//Objects//ISRFrame.h(77): error C2039: 'extrinsics' : is not a member of 'CoreISR::Objects::ISRFrame'
                 d:\vs\libisr\libisr\coreisr\objects\..//Objects//ISRFrame.h(21) : see declaration of 'CoreISR::Objects::ISRFrame'
     1>d:\vs\libisr\libisr\coreisr\objects\..//Objects//ISRFrame.h(77): error C2227: left of '->SetFrom' must point to class/struct/union/generic type
     1>d:\vs\libisr\libisr\coreisr\objects\..//Objects//ISRFrame.h(86): error C2039: 'data' : is not a member of 'CoreISR::Objects::ISRImage<Vector4u>'
     1>d:\vs\libisr\libisr\coreisr\objects\..//Objects//ISRFrame.h(86): error C2039: 'width' : is not a member of 'CoreISR::Objects::ISRFrame'
                 d:\vs\libisr\libisr\coreisr\objects\..//Objects//ISRFrame.h(21) : see declaration of 'CoreISR::Objects::ISRFrame'
     1>d:\vs\libisr\libisr\coreisr\objects\..//Objects//ISRFrame.h(86): error C2039: 'height' : is not a member of 'CoreISR::Objects::ISRFrame'
                 d:\vs\libisr\libisr\coreisr\objects\..//Objects//ISRFrame.h(21) : see declaration of 'CoreISR::Objects::ISRFrame'
     1>d:\vs\libisr\libisr\coreisr\objects\..//Objects//ISRFrame.h(86): error C2660: 'memcpy' : function does not take 1 arguments
     1>d:\vs\libisr\libisr\coreisr\objects\..//Objects//ISRFrame.h(87): error C2039: 'data' : is not a member of 'CoreISR::Objects::ISRImage<ushort>'
     1>d:\vs\libisr\libisr\coreisr\objects\..//Objects//ISRFrame.h(87): error C2039: 'width' : is not a member of 'CoreISR::Objects::ISRFrame'
                 d:\vs\libisr\libisr\coreisr\objects\..//Objects//ISRFrame.h(21) : see declaration of 'CoreISR::Objects::ISRFrame'
     1>d:\vs\libisr\libisr\coreisr\objects\..//Objects//ISRFrame.h(87): error C2039: 'height' : is not a member of 'CoreISR::Objects::ISRFrame'
                 d:\vs\libisr\libisr\coreisr\objects\..//Objects//ISRFrame.h(21) : see declaration of 'CoreISR::Objects::ISRFrame'
     1>d:\vs\libisr\libisr\coreisr\objects\..//Objects//ISRFrame.h(87): error C2660: 'memcpy' : function does not take 1 arguments
     1>d:\vs\libisr\libisr\coreisr\objects\..//Objects//ISRFrame.h(90): error C2039: 'height' : is not a member of 'CoreISR::Objects::ISRFrame'
                 d:\vs\libisr\libisr\coreisr\objects\..//Objects//ISRFrame.h(21) : see declaration of 'CoreISR::Objects::ISRFrame'
     1>d:\vs\libisr\libisr\coreisr\objects\..//Objects//ISRFrame.h(90): error C2039: 'width' : is not a member of 'CoreISR::Objects::ISRFrame'
                 d:\vs\libisr\libisr\coreisr\objects\..//Objects//ISRFrame.h(21) : see declaration of 'CoreISR::Objects::ISRFrame'
     1>d:\vs\libisr\libisr\coreisr\objects\..//Objects//ISRFrame.h(92): error C2039: 'width' : is not a member of 'CoreISR::Objects::ISRFrame'
                 d:\vs\libisr\libisr\coreisr\objects\..//Objects//ISRFrame.h(21) : see declaration of 'CoreISR::Objects::ISRFrame'
     1>d:\vs\libisr\libisr\coreisr\objects\..//Objects//ISRFrame.h(94): error C2039: 'data' : is not a member of 'CoreISR::Objects::ISRImage<ushort>'
     1>d:\vs\libisr\libisr\coreisr\objects\..//Objects//ISRFrame.h(97): error C2039: 'data' : is not a member of 'CoreISR::Objects::ISRImage<float>'
     1>d:\vs\libisr\libisr\coreisr\objects\..//Objects//ISRFrame.h(102): error C2039: 'data' : is not a member of 'CoreISR::Objects::ISRImage<Vector4u>'
     1>d:\vs\libisr\libisr\coreisr\objects\..//Objects//ISRFrame.h(102): error C2228: left of '.x' must have class/struct/union
     1>d:\vs\libisr\libisr\coreisr\objects\..//Objects//ISRFrame.h(103): error C2039: 'data' : is not a member of 'CoreISR::Objects::ISRImage<Vector4u>'
     1>d:\vs\libisr\libisr\coreisr\objects\..//Objects//ISRFrame.h(103): error C2228: left of '.y' must have class/struct/union
     1>d:\vs\libisr\libisr\coreisr\objects\..//Objects//ISRFrame.h(104): error C2039: 'data' : is not a member of 'CoreISR::Objects::ISRImage<Vector4u>'
     1>d:\vs\libisr\libisr\coreisr\objects\..//Objects//ISRFrame.h(104): error C2228: left of '.z' must have class/struct/union
     1>d:\vs\libisr\libisr\coreisr\objects\..//Objects//ISRFrame.h(108): error C2065: 'extrinsics' : undeclared identifier
     1>d:\vs\libisr\libisr\coreisr\objects\..//Objects//ISRFrame.h(108): error C2227: left of '->rH' must point to class/struct/union/generic type
                 type is 'unknown-type'
     1>d:\vs\libisr\libisr\coreisr\objects\..//Objects//ISRFrame.h(109): error C2065: 'extrinsics' : undeclared identifier
     1>d:\vs\libisr\libisr\coreisr\objects\..//Objects//ISRFrame.h(109): error C2227: left of '->rT' must point to class/struct/union/generic type
                 type is 'unknown-type'
     1>d:\vs\libisr\libisr\coreisr\objects\..//Objects//ISRFrame.h(123): error C2039: 'width' : is not a member of 'CoreISR::Objects::ISRFrame'
                 d:\vs\libisr\libisr\coreisr\objects\..//Objects//ISRFrame.h(21) : see declaration of 'CoreISR::Objects::ISRFrame'
     1>d:\vs\libisr\libisr\coreisr\objects\..//Objects//ISRFrame.h(125): error C2039: 'width' : is not a member of 'CoreISR::Objects::ISRFrame'
                 d:\vs\libisr\libisr\coreisr\objects\..//Objects//ISRFrame.h(21) : see declaration of 'CoreISR::Objects::ISRFrame'
     1>d:\vs\libisr\libisr\coreisr\objects\..//Objects//ISRFrame.h(125): error C2039: 'height' : is not a member of 'CoreISR::Objects::ISRFrame'
                 d:\vs\libisr\libisr\coreisr\objects\..//Objects//ISRFrame.h(21) : see declaration of 'CoreISR::Objects::ISRFrame'
     1>d:\vs\libisr\libisr\coreisr\objects\..//Objects//ISRFrame.h(127): error C2039: 'data' : is not a member of 'CoreISR::Objects::ISRImage<Vector4u>'
     1>d:\vs\libisr\libisr\coreisr\objects\..//Objects//ISRFrame.h(127): error C2228: left of '.x' must have class/struct/union
     1>d:\vs\libisr\libisr\coreisr\objects\..//Objects//ISRFrame.h(128): error C2039: 'data' : is not a member of 'CoreISR::Objects::ISRImage<Vector4u>'
     1>d:\vs\libisr\libisr\coreisr\objects\..//Objects//ISRFrame.h(128): error C2228: left of '.y' must have class/struct/union
     1>d:\vs\libisr\libisr\coreisr\objects\..//Objects//ISRFrame.h(129): error C2039: 'data' : is not a member of 'CoreISR::Objects::ISRImage<Vector4u>'
     1>d:\vs\libisr\libisr\coreisr\objects\..//Objects//ISRFrame.h(129): error C2228: left of '.z' must have class/struct/union
     1>d:\vs\libisr\libisr\coreisr\objects\..//Objects//ISRFrame.h(135): error C2039: 'data' : is not a member of 'CoreISR::Objects::ISRImage<Vector4u>'
     1>d:\vs\libisr\libisr\coreisr\objects\..//Objects//ISRFrame.h(135): error C2228: left of '.x' must have class/struct/union
     1>d:\vs\libisr\libisr\coreisr\objects\..//Objects//ISRFrame.h(136): error C2039: 'data' : is not a member of 'CoreISR::Objects::ISRImage<Vector4u>'
     1>d:\vs\libisr\libisr\coreisr\objects\..//Objects//ISRFrame.h(136): error C2228: left of '.y' must have class/struct/union
     1>d:\vs\libisr\libisr\coreisr\objects\..//Objects//ISRFrame.h(137): error C2039: 'data' : is not a member of 'CoreISR::Objects::ISRImage<Vector4u>'
     1>d:\vs\libisr\libisr\coreisr\objects\..//Objects//ISRFrame.h(137): error C2228: left of '.z' must have class/struct/union
     1>d:\vs\libisr\libisr\coreisr\engine\..//Objects//ISRShapeUnion.h(41): error C2440: 'initializing' : cannot convert from 'Matrix3f' to 'float *'
                 No user-defined-conversion operator available that can perform this conversion, or the operator cannot be called
     1>d:\vs\libisr\libisr\coreisr\engine\..//Objects//ISRShapeUnion.h(106): error C2039: 'intrinsics' : is not a member of 'CoreISR::Objects::ISRFrame'
                 d:\vs\libisr\libisr\coreisr\objects\..//Objects//ISRFrame.h(21) : see declaration of 'CoreISR::Objects::ISRFrame'
     1>d:\vs\libisr\libisr\coreisr\engine\..//Objects//ISRShapeUnion.h(106): error C2660: 'CoreISR::Objects::ISRShapeUnion::GetBoundingBox' : function does not take 2 arguments
     1>d:\vs\libisr\libisr\coreisr\engine\..//Objects//ISRShapeUnion.h(108): warning C4244: 'initializing' : conversion from 'float' to 'int', possible loss of data
     1>d:\vs\libisr\libisr\coreisr\engine\..//Objects//ISRShapeUnion.h(109): warning C4244: 'initializing' : conversion from 'float' to 'int', possible loss of data
     1>d:\vs\libisr\libisr\coreisr\engine\..//Objects//ISRShapeUnion.h(111): error C2039: 'width' : is not a member of 'CoreISR::Objects::ISRFrame'
                 d:\vs\libisr\libisr\coreisr\objects\..//Objects//ISRFrame.h(21) : see declaration of 'CoreISR::Objects::ISRFrame'
     1>d:\vs\libisr\libisr\coreisr\engine\..//Objects//ISRShapeUnion.h(113): error C2039: 'data' : is not a member of 'CoreISR::Objects::ISRImage<uchar>'
     1>d:\vs\libisr\libisr\coreisr\engine\..//Objects//ISRShapeUnion.h(114): error C2039: 'data' : is not a member of 'CoreISR::Objects::ISRImage<uchar>'
     1>d:\vs\libisr\libisr\coreisr\engine\..//Objects//ISRShapeUnion.h(118): warning C4244: 'argument' : conversion from 'int' to 'float', possible loss of data
     1>CoreISR\Engine\ISRTrackingEngine.cpp(95): warning C4244: 'initializing' : conversion from 'float' to 'int', possible loss of data
     1>CoreISR\Engine\ISRTrackingEngine.cpp(96): warning C4244: 'initializing' : conversion from 'float' to 'int', possible loss of data
     1>CoreISR\Engine\ISRTrackingEngine.cpp(97): warning C4244: 'initializing' : conversion from 'float' to 'int', possible loss of data
     1>CoreISR\Engine\ISRTrackingEngine.cpp(110): error C2039: 'data' : is not a member of 'CoreISR::Objects::ISRImage<uchar>'
     1>CoreISR\Engine\ISRTrackingEngine.cpp(111): error C2039: 'data' : is not a member of 'CoreISR::Objects::ISRImage<float>'
     1>CoreISR\Engine\ISRTrackingEngine.cpp(112): error C2039: 'data' : is not a member of 'CoreISR::Objects::ISRImage<float>'
     1>CoreISR\Engine\ISRTrackingEngine.cpp(113): error C2039: 'data' : is not a member of 'CoreISR::Objects::ISRImage<float>'
     1>CoreISR\Engine\ISRTrackingEngine.cpp(115): error C2039: 'intrinsics' : is not a member of 'CoreISR::Objects::ISRFrame'
                 d:\vs\libisr\libisr\coreisr\objects\..//Objects//ISRFrame.h(21) : see declaration of 'CoreISR::Objects::ISRFrame'
     1>CoreISR\Engine\ISRTrackingEngine.cpp(115): error C2227: left of '->invA' must point to class/struct/union/generic type
     1>CoreISR\Engine\ISRTrackingEngine.cpp(127): error C2039: 'width' : is not a member of 'CoreISR::Objects::ISRFrame'
                 d:\vs\libisr\libisr\coreisr\objects\..//Objects//ISRFrame.h(21) : see declaration of 'CoreISR::Objects::ISRFrame'
     1>CoreISR\Engine\ISRTrackingEngine.cpp(128): error C2039: 'height' : is not a member of 'CoreISR::Objects::ISRFrame'
                 d:\vs\libisr\libisr\coreisr\objects\..//Objects//ISRFrame.h(21) : see declaration of 'CoreISR::Objects::ISRFrame'
     1>CoreISR\Engine\ISRTrackingEngine.cpp(130): error C2039: 'width' : is not a member of 'CoreISR::Objects::ISRFrame'
                 d:\vs\libisr\libisr\coreisr\objects\..//Objects//ISRFrame.h(21) : see declaration of 'CoreISR::Objects::ISRFrame'
     1>CoreISR\Engine\ISRTrackingEngine.cpp(313): error C2039: 'data' : is not a member of 'CoreISR::Objects::ISRImage<Vector4u>'
     1>CoreISR\Engine\ISRTrackingEngine.cpp(315): error C2039: 'data' : is not a member of 'CoreISR::Objects::ISRImage<float>'
     1>CoreISR\Engine\ISRTrackingEngine.cpp(316): error C2039: 'data' : is not a member of 'CoreISR::Objects::ISRImage<float>'
     1>CoreISR\Engine\ISRTrackingEngine.cpp(324): error C2039: 'height' : is not a member of 'CoreISR::Objects::ISRFrame'
                 d:\vs\libisr\libisr\coreisr\objects\..//Objects//ISRFrame.h(21) : see declaration of 'CoreISR::Objects::ISRFrame'
     1>CoreISR\Engine\ISRTrackingEngine.cpp(325): error C2039: 'width' : is not a member of 'CoreISR::Objects::ISRFrame'
                 d:\vs\libisr\libisr\coreisr\objects\..//Objects//ISRFrame.h(21) : see declaration of 'CoreISR::Objects::ISRFrame'
     1>CoreISR\Engine\ISRTrackingEngine.cpp(327): error C2039: 'width' : is not a member of 'CoreISR::Objects::ISRFrame'
                 d:\vs\libisr\libisr\coreisr\objects\..//Objects//ISRFrame.h(21) : see declaration of 'CoreISR::Objects::ISRFrame'
     1>CoreISR\Engine\ISRTrackingEngine.cpp(329): error C2039: 'data' : is not a member of 'CoreISR::Objects::ISRImage<uchar>'
     1>CoreISR\Engine\ISRTrackingEngine.cpp(336): warning C4244: '=' : conversion from 'int' to 'float', possible loss of data
         ISRCalibIO.cpp
     1>CoreISR\Utils\ISRCalibIO.cpp(3): fatal error C1083: Cannot open include file: 'ITMCalibIO.h': No such file or directory
         ImageSourceEngine.cpp
     1>d:\vs\libisr\libisr\coreisr\Objects\\ISRHistogram.h(59): error C2039: 'data' : is not a member of 'CoreISR::Objects::ISRImage<Vector4u>'
     1>d:\vs\libisr\libisr\coreisr\Objects\\ISRHistogram.h(61): error C2039: 'height' : is not a member of 'CoreISR::Objects::ISRImage<uchar>'
     1>d:\vs\libisr\libisr\coreisr\Objects\\ISRHistogram.h(61): error C2039: 'width' : is not a member of 'CoreISR::Objects::ISRImage<uchar>'
     1>d:\vs\libisr\libisr\coreisr\Objects\\ISRHistogram.h(63): error C2039: 'width' : is not a member of 'CoreISR::Objects::ISRImage<uchar>'
     1>d:\vs\libisr\libisr\coreisr\Objects\\ISRHistogram.h(70): error C2039: 'data' : is not a member of 'CoreISR::Objects::ISRImage<uchar>'
     1>d:\vs\libisr\libisr\coreisr\Objects\\ISRShape.h(54): warning C4244: '=' : conversion from 'double' to 'int', possible loss of data
     1>d:\vs\libisr\libisr\coreisr\Objects\\ISRShape.h(122): warning C4244: 'initializing' : conversion from 'double' to 'int', possible loss of data
     1>d:\vs\libisr\libisr\coreisr\Objects\\ISRShape.h(123): warning C4244: 'initializing' : conversion from 'double' to 'int', possible loss of data
     1>d:\vs\libisr\libisr\coreisr\Objects\\ISRShape.h(124): warning C4244: 'initializing' : conversion from 'double' to 'int', possible loss of data
     1>d:\vs\libisr\libisr\coreisr\Objects\\ISRShape.h(134): warning C4244: 'initializing' : conversion from 'double' to 'int', possible loss of data
     1>d:\vs\libisr\libisr\coreisr\Objects\\ISRShape.h(135): warning C4244: 'initializing' : conversion from 'double' to 'int', possible loss of data
     1>d:\vs\libisr\libisr\coreisr\Objects\\ISRShape.h(136): warning C4244: 'initializing' : conversion from 'double' to 'int', possible loss of data
     1>d:\vs\libisr\libisr\coreisr\objects\..//Objects//ISRView.h(90): error C2065: 'displayDepthImage' : undeclared identifier
     1>d:\vs\libisr\libisr\coreisr\objects\..//Objects//ISRView.h(90): error C2227: left of '->data' must point to class/struct/union/generic type
                 type is 'unknown-type'
     1>d:\vs\libisr\libisr\coreisr\objects\..//Objects//ISRView.h(90): error C2228: left of '.x' must have class/struct/union
     1>d:\vs\libisr\libisr\coreisr\objects\..//Objects//ISRView.h(91): error C2065: 'displayDepthImage' : undeclared identifier
     1>d:\vs\libisr\libisr\coreisr\objects\..//Objects//ISRView.h(91): error C2227: left of '->data' must point to class/struct/union/generic type
                 type is 'unknown-type'
     1>d:\vs\libisr\libisr\coreisr\objects\..//Objects//ISRView.h(91): error C2228: left of '.y' must have class/struct/union
     1>d:\vs\libisr\libisr\coreisr\objects\..//Objects//ISRView.h(92): error C2065: 'displayDepthImage' : undeclared identifier
     1>d:\vs\libisr\libisr\coreisr\objects\..//Objects//ISRView.h(92): error C2227: left of '->data' must point to class/struct/union/generic type
                 type is 'unknown-type'
     1>d:\vs\libisr\libisr\coreisr\objects\..//Objects//ISRView.h(92): error C2228: left of '.z' must have class/struct/union
     1>d:\vs\libisr\libisr\coreisr\objects\..//Objects//ISRView.h(96): error C2065: 'extrinsics' : undeclared identifier
     1>d:\vs\libisr\libisr\coreisr\objects\..//Objects//ISRView.h(96): error C2227: left of '->rH' must point to class/struct/union/generic type
                 type is 'unknown-type'
     1>d:\vs\libisr\libisr\coreisr\objects\..//Objects//ISRView.h(97): error C2065: 'extrinsics' : undeclared identifier
     1>d:\vs\libisr\libisr\coreisr\objects\..//Objects//ISRView.h(97): error C2227: left of '->rT' must point to class/struct/union/generic type
                 type is 'unknown-type'
     1>d:\vs\libisr\libisr\coreisr\objects\..//Objects//ISRView.h(111): error C2039: 'width' : is not a member of 'CoreISR::Objects::ISRView'
                 d:\vs\libisr\libisr\coreisr\objects\..//Objects//ISRView.h(23) : see declaration of 'CoreISR::Objects::ISRView'
     1>d:\vs\libisr\libisr\coreisr\objects\..//Objects//ISRView.h(113): error C2039: 'width' : is not a member of 'CoreISR::Objects::ISRView'
                 d:\vs\libisr\libisr\coreisr\objects\..//Objects//ISRView.h(23) : see declaration of 'CoreISR::Objects::ISRView'
     1>d:\vs\libisr\libisr\coreisr\objects\..//Objects//ISRView.h(113): error C2039: 'height' : is not a member of 'CoreISR::Objects::ISRView'
                 d:\vs\libisr\libisr\coreisr\objects\..//Objects//ISRView.h(23) : see declaration of 'CoreISR::Objects::ISRView'
     1>d:\vs\libisr\libisr\coreisr\objects\..//Objects//ISRView.h(115): error C2039: 'data' : is not a member of 'CoreISR::Objects::ISRImage<Vector4u>'
     1>d:\vs\libisr\libisr\coreisr\objects\..//Objects//ISRView.h(115): error C2228: left of '.x' must have class/struct/union
     1>d:\vs\libisr\libisr\coreisr\objects\..//Objects//ISRView.h(116): error C2039: 'data' : is not a member of 'CoreISR::Objects::ISRImage<Vector4u>'
     1>d:\vs\libisr\libisr\coreisr\objects\..//Objects//ISRView.h(116): error C2228: left of '.y' must have class/struct/union
     1>d:\vs\libisr\libisr\coreisr\objects\..//Objects//ISRView.h(117): error C2039: 'data' : is not a member of 'CoreISR::Objects::ISRImage<Vector4u>'
     1>d:\vs\libisr\libisr\coreisr\objects\..//Objects//ISRView.h(117): error C2228: left of '.z' must have class/struct/union
     1>d:\vs\libisr\libisr\coreisr\objects\..//Objects//ISRView.h(123): error C2039: 'data' : is not a member of 'CoreISR::Objects::ISRImage<Vector4u>'
     1>d:\vs\libisr\libisr\coreisr\objects\..//Objects//ISRView.h(123): error C2228: left of '.x' must have class/struct/union
     1>d:\vs\libisr\libisr\coreisr\objects\..//Objects//ISRView.h(124): error C2039: 'data' : is not a member of 'CoreISR::Objects::ISRImage<Vector4u>'
     1>d:\vs\libisr\libisr\coreisr\objects\..//Objects//ISRView.h(124): error C2228: left of '.y' must have class/struct/union
     1>d:\vs\libisr\libisr\coreisr\objects\..//Objects//ISRView.h(125): error C2039: 'data' : is not a member of 'CoreISR::Objects::ISRImage<Vector4u>'
     1>d:\vs\libisr\libisr\coreisr\objects\..//Objects//ISRView.h(125): error C2228: left of '.z' must have class/struct/union
     1>d:\vs\libisr\libisr\coreisr\Objects\\ISRFrame.h(46): error C2039: 'width' : is not a member of 'CoreISR::Objects::ISRFrame'
                 d:\vs\libisr\libisr\coreisr\Objects\\ISRFrame.h(21) : see declaration of 'CoreISR::Objects::ISRFrame'
     1>d:\vs\libisr\libisr\coreisr\Objects\\ISRFrame.h(47): error C2039: 'height' : is not a member of 'CoreISR::Objects::ISRFrame'
                 d:\vs\libisr\libisr\coreisr\Objects\\ISRFrame.h(21) : see declaration of 'CoreISR::Objects::ISRFrame'
     1>d:\vs\libisr\libisr\coreisr\Objects\\ISRFrame.h(50): warning C4800: 'int' : forcing value to bool 'true' or 'false' (performance warning)
     1>d:\vs\libisr\libisr\coreisr\Objects\\ISRFrame.h(51): warning C4800: 'int' : forcing value to bool 'true' or 'false' (performance warning)
     1>d:\vs\libisr\libisr\coreisr\Objects\\ISRFrame.h(52): warning C4800: 'int' : forcing value to bool 'true' or 'false' (performance warning)
     1>d:\vs\libisr\libisr\coreisr\Objects\\ISRFrame.h(53): warning C4800: 'int' : forcing value to bool 'true' or 'false' (performance warning)
     1>d:\vs\libisr\libisr\coreisr\Objects\\ISRFrame.h(54): warning C4800: 'int' : forcing value to bool 'true' or 'false' (performance warning)
     1>d:\vs\libisr\libisr\coreisr\Objects\\ISRFrame.h(55): warning C4800: 'int' : forcing value to bool 'true' or 'false' (performance warning)
     1>d:\vs\libisr\libisr\coreisr\Objects\\ISRFrame.h(56): warning C4800: 'int' : forcing value to bool 'true' or 'false' (performance warning)
     1>d:\vs\libisr\libisr\coreisr\Objects\\ISRFrame.h(59): warning C4800: 'int' : forcing value to bool 'true' or 'false' (performance warning)
     1>d:\vs\libisr\libisr\coreisr\Objects\\ISRFrame.h(60): warning C4800: 'int' : forcing value to bool 'true' or 'false' (performance warning)
     1>d:\vs\libisr\libisr\coreisr\Objects\\ISRFrame.h(73): error C2039: 'intrinsics' : is not a member of 'CoreISR::Objects::ISRFrame'
                 d:\vs\libisr\libisr\coreisr\Objects\\ISRFrame.h(21) : see declaration of 'CoreISR::Objects::ISRFrame'
     1>d:\vs\libisr\libisr\coreisr\Objects\\ISRFrame.h(74): error C2039: 'extrinsics' : is not a member of 'CoreISR::Objects::ISRFrame'
                 d:\vs\libisr\libisr\coreisr\Objects\\ISRFrame.h(21) : see declaration of 'CoreISR::Objects::ISRFrame'
     1>d:\vs\libisr\libisr\coreisr\Objects\\ISRFrame.h(77): error C2039: 'extrinsics' : is not a member of 'CoreISR::Objects::ISRFrame'
                 d:\vs\libisr\libisr\coreisr\Objects\\ISRFrame.h(21) : see declaration of 'CoreISR::Objects::ISRFrame'
     1>d:\vs\libisr\libisr\coreisr\Objects\\ISRFrame.h(77): error C2227: left of '->SetFrom' must point to class/struct/union/generic type
     1>d:\vs\libisr\libisr\coreisr\Objects\\ISRFrame.h(86): error C2039: 'data' : is not a member of 'CoreISR::Objects::ISRImage<Vector4u>'
     1>d:\vs\libisr\libisr\coreisr\Objects\\ISRFrame.h(86): error C2039: 'width' : is not a member of 'CoreISR::Objects::ISRFrame'
                 d:\vs\libisr\libisr\coreisr\Objects\\ISRFrame.h(21) : see declaration of 'CoreISR::Objects::ISRFrame'
     1>d:\vs\libisr\libisr\coreisr\Objects\\ISRFrame.h(86): error C2039: 'height' : is not a member of 'CoreISR::Objects::ISRFrame'
                 d:\vs\libisr\libisr\coreisr\Objects\\ISRFrame.h(21) : see declaration of 'CoreISR::Objects::ISRFrame'
     1>d:\vs\libisr\libisr\coreisr\Objects\\ISRFrame.h(86): error C2660: 'memcpy' : function does not take 1 arguments
     1>d:\vs\libisr\libisr\coreisr\Objects\\ISRFrame.h(87): error C2039: 'data' : is not a member of 'CoreISR::Objects::ISRImage<ushort>'
     1>d:\vs\libisr\libisr\coreisr\Objects\\ISRFrame.h(87): error C2039: 'width' : is not a member of 'CoreISR::Objects::ISRFrame'
                 d:\vs\libisr\libisr\coreisr\Objects\\ISRFrame.h(21) : see declaration of 'CoreISR::Objects::ISRFrame'
     1>d:\vs\libisr\libisr\coreisr\Objects\\ISRFrame.h(87): error C2039: 'height' : is not a member of 'CoreISR::Objects::ISRFrame'
                 d:\vs\libisr\libisr\coreisr\Objects\\ISRFrame.h(21) : see declaration of 'CoreISR::Objects::ISRFrame'
     1>d:\vs\libisr\libisr\coreisr\Objects\\ISRFrame.h(87): error C2660: 'memcpy' : function does not take 1 arguments
     1>d:\vs\libisr\libisr\coreisr\Objects\\ISRFrame.h(90): error C2039: 'height' : is not a member of 'CoreISR::Objects::ISRFrame'
                 d:\vs\libisr\libisr\coreisr\Objects\\ISRFrame.h(21) : see declaration of 'CoreISR::Objects::ISRFrame'
     1>d:\vs\libisr\libisr\coreisr\Objects\\ISRFrame.h(90): error C2039: 'width' : is not a member of 'CoreISR::Objects::ISRFrame'
                 d:\vs\libisr\libisr\coreisr\Objects\\ISRFrame.h(21) : see declaration of 'CoreISR::Objects::ISRFrame'
     1>d:\vs\libisr\libisr\coreisr\Objects\\ISRFrame.h(92): error C2039: 'width' : is not a member of 'CoreISR::Objects::ISRFrame'
                 d:\vs\libisr\libisr\coreisr\Objects\\ISRFrame.h(21) : see declaration of 'CoreISR::Objects::ISRFrame'
     1>d:\vs\libisr\libisr\coreisr\Objects\\ISRFrame.h(94): error C2039: 'data' : is not a member of 'CoreISR::Objects::ISRImage<ushort>'
     1>d:\vs\libisr\libisr\coreisr\Objects\\ISRFrame.h(97): error C2039: 'data' : is not a member of 'CoreISR::Objects::ISRImage<float>'
     1>d:\vs\libisr\libisr\coreisr\Objects\\ISRFrame.h(102): error C2039: 'data' : is not a member of 'CoreISR::Objects::ISRImage<Vector4u>'
     1>d:\vs\libisr\libisr\coreisr\Objects\\ISRFrame.h(102): error C2228: left of '.x' must have class/struct/union
     1>d:\vs\libisr\libisr\coreisr\Objects\\ISRFrame.h(103): error C2039: 'data' : is not a member of 'CoreISR::Objects::ISRImage<Vector4u>'
     1>d:\vs\libisr\libisr\coreisr\Objects\\ISRFrame.h(103): error C2228: left of '.y' must have class/struct/union
     1>d:\vs\libisr\libisr\coreisr\Objects\\ISRFrame.h(104): error C2039: 'data' : is not a member of 'CoreISR::Objects::ISRImage<Vector4u>'
     1>d:\vs\libisr\libisr\coreisr\Objects\\ISRFrame.h(104): error C2228: left of '.z' must have class/struct/union
     1>d:\vs\libisr\libisr\coreisr\Objects\\ISRFrame.h(108): error C2065: 'extrinsics' : undeclared identifier
     1>d:\vs\libisr\libisr\coreisr\Objects\\ISRFrame.h(108): error C2227: left of '->rH' must point to class/struct/union/generic type
                 type is 'unknown-type'
     1>d:\vs\libisr\libisr\coreisr\Objects\\ISRFrame.h(109): error C2065: 'extrinsics' : undeclared identifier
     1>d:\vs\libisr\libisr\coreisr\Objects\\ISRFrame.h(109): error C2227: left of '->rT' must point to class/struct/union/generic type
                 type is 'unknown-type'
     1>d:\vs\libisr\libisr\coreisr\Objects\\ISRFrame.h(123): error C2039: 'width' : is not a member of 'CoreISR::Objects::ISRFrame'
                 d:\vs\libisr\libisr\coreisr\Objects\\ISRFrame.h(21) : see declaration of 'CoreISR::Objects::ISRFrame'
     1>d:\vs\libisr\libisr\coreisr\Objects\\ISRFrame.h(125): error C2039: 'width' : is not a member of 'CoreISR::Objects::ISRFrame'
                 d:\vs\libisr\libisr\coreisr\Objects\\ISRFrame.h(21) : see declaration of 'CoreISR::Objects::ISRFrame'
     1>d:\vs\libisr\libisr\coreisr\Objects\\ISRFrame.h(125): error C2039: 'height' : is not a member of 'CoreISR::Objects::ISRFrame'
                 d:\vs\libisr\libisr\coreisr\Objects\\ISRFrame.h(21) : see declaration of 'CoreISR::Objects::ISRFrame'
     1>d:\vs\libisr\libisr\coreisr\Objects\\ISRFrame.h(127): error C2039: 'data' : is not a member of 'CoreISR::Objects::ISRImage<Vector4u>'
     1>d:\vs\libisr\libisr\coreisr\Objects\\ISRFrame.h(127): error C2228: left of '.x' must have class/struct/union
     1>d:\vs\libisr\libisr\coreisr\Objects\\ISRFrame.h(128): error C2039: 'data' : is not a member of 'CoreISR::Objects::ISRImage<Vector4u>'
     1>d:\vs\libisr\libisr\coreisr\Objects\\ISRFrame.h(128): error C2228: left of '.y' must have class/struct/union
     1>d:\vs\libisr\libisr\coreisr\Objects\\ISRFrame.h(129): error C2039: 'data' : is not a member of 'CoreISR::Objects::ISRImage<Vector4u>'
     1>d:\vs\libisr\libisr\coreisr\Objects\\ISRFrame.h(129): error C2228: left of '.z' must have class/struct/union
     1>d:\vs\libisr\libisr\coreisr\Objects\\ISRFrame.h(135): error C2039: 'data' : is not a member of 'CoreISR::Objects::ISRImage<Vector4u>'
     1>d:\vs\libisr\libisr\coreisr\Objects\\ISRFrame.h(135): error C2228: left of '.x' must have class/struct/union
     1>d:\vs\libisr\libisr\coreisr\Objects\\ISRFrame.h(136): error C2039: 'data' : is not a member of 'CoreISR::Objects::ISRImage<Vector4u>'
     1>d:\vs\libisr\libisr\coreisr\Objects\\ISRFrame.h(136): error C2228: left of '.y' must have class/struct/union
     1>d:\vs\libisr\libisr\coreisr\Objects\\ISRFrame.h(137): error C2039: 'data' : is not a member of 'CoreISR::Objects::ISRImage<Vector4u>'
     1>d:\vs\libisr\libisr\coreisr\Objects\\ISRFrame.h(137): error C2228: left of '.z' must have class/struct/union
     1>d:\vs\libisr\libisr\coreisr\engine\..//Objects//ISRShapeUnion.h(41): error C2440: 'initializing' : cannot convert from 'Matrix3f' to 'float *'
                 No user-defined-conversion operator available that can perform this conversion, or the operator cannot be called
     1>d:\vs\libisr\libisr\coreisr\engine\..//Objects//ISRShapeUnion.h(106): error C2039: 'intrinsics' : is not a member of 'CoreISR::Objects::ISRFrame'
                 d:\vs\libisr\libisr\coreisr\Objects\\ISRFrame.h(21) : see declaration of 'CoreISR::Objects::ISRFrame'
     1>d:\vs\libisr\libisr\coreisr\engine\..//Objects//ISRShapeUnion.h(106): error C2660: 'CoreISR::Objects::ISRShapeUnion::GetBoundingBox' : function does not take 2 arguments
     1>d:\vs\libisr\libisr\coreisr\engine\..//Objects//ISRShapeUnion.h(108): warning C4244: 'initializing' : conversion from 'float' to 'int', possible loss of data
     1>d:\vs\libisr\libisr\coreisr\engine\..//Objects//ISRShapeUnion.h(109): warning C4244: 'initializing' : conversion from 'float' to 'int', possible loss of data
     1>d:\vs\libisr\libisr\coreisr\engine\..//Objects//ISRShapeUnion.h(111): error C2039: 'width' : is not a member of 'CoreISR::Objects::ISRFrame'
                 d:\vs\libisr\libisr\coreisr\Objects\\ISRFrame.h(21) : see declaration of 'CoreISR::Objects::ISRFrame'
     1>d:\vs\libisr\libisr\coreisr\engine\..//Objects//ISRShapeUnion.h(113): error C2039: 'data' : is not a member of 'CoreISR::Objects::ISRImage<uchar>'
     1>d:\vs\libisr\libisr\coreisr\engine\..//Objects//ISRShapeUnion.h(114): error C2039: 'data' : is not a member of 'CoreISR::Objects::ISRImage<uchar>'
     1>d:\vs\libisr\libisr\coreisr\engine\..//Objects//ISRShapeUnion.h(118): warning C4244: 'argument' : conversion from 'int' to 'float', possible loss of data
     1>Engine\ImageSourceEngine.cpp(10): error C3861: 'readRGBDCalib': identifier not found
     1>Engine\ImageSourceEngine.cpp(35): error C2061: syntax error : identifier 'ITMUChar4Image'
     1>Engine\ImageSourceEngine.cpp(36): error C2061: syntax error : identifier 'ITMShortImage'
     1>Engine\ImageSourceEngine.cpp(57): error C2065: 'ITMView' : undeclared identifier
     1>Engine\ImageSourceEngine.cpp(57): error C2065: 'out' : undeclared identifier
     1>Engine\ImageSourceEngine.cpp(58): error C2448: 'LibISR::Engine::ImageFileReader::getImages' : function-style initializer appears to be a function definition
         main.cpp
     1>d:\vs\libisr\libisr\coreisr\Objects\\ISRHistogram.h(59): error C2039: 'data' : is not a member of 'CoreISR::Objects::ISRImage<Vector4u>'
     1>d:\vs\libisr\libisr\coreisr\Objects\\ISRHistogram.h(61): error C2039: 'height' : is not a member of 'CoreISR::Objects::ISRImage<uchar>'
     1>d:\vs\libisr\libisr\coreisr\Objects\\ISRHistogram.h(61): error C2039: 'width' : is not a member of 'CoreISR::Objects::ISRImage<uchar>'
     1>d:\vs\libisr\libisr\coreisr\Objects\\ISRHistogram.h(63): error C2039: 'width' : is not a member of 'CoreISR::Objects::ISRImage<uchar>'
     1>d:\vs\libisr\libisr\coreisr\Objects\\ISRHistogram.h(70): error C2039: 'data' : is not a member of 'CoreISR::Objects::ISRImage<uchar>'
     1>d:\vs\libisr\libisr\coreisr\Objects\\ISRShape.h(54): warning C4244: '=' : conversion from 'double' to 'int', possible loss of data
     1>d:\vs\libisr\libisr\coreisr\Objects\\ISRShape.h(122): warning C4244: 'initializing' : conversion from 'double' to 'int', possible loss of data
     1>d:\vs\libisr\libisr\coreisr\Objects\\ISRShape.h(123): warning C4244: 'initializing' : conversion from 'double' to 'int', possible loss of data
     1>d:\vs\libisr\libisr\coreisr\Objects\\ISRShape.h(124): warning C4244: 'initializing' : conversion from 'double' to 'int', possible loss of data
     1>d:\vs\libisr\libisr\coreisr\Objects\\ISRShape.h(134): warning C4244: 'initializing' : conversion from 'double' to 'int', possible loss of data
     1>d:\vs\libisr\libisr\coreisr\Objects\\ISRShape.h(135): warning C4244: 'initializing' : conversion from 'double' to 'int', possible loss of data
     1>d:\vs\libisr\libisr\coreisr\Objects\\ISRShape.h(136): warning C4244: 'initializing' : conversion from 'double' to 'int', possible loss of data
     1>d:\vs\libisr\libisr\coreisr\objects\..//Objects//ISRView.h(90): error C2065: 'displayDepthImage' : undeclared identifier
     1>d:\vs\libisr\libisr\coreisr\objects\..//Objects//ISRView.h(90): error C2227: left of '->data' must point to class/struct/union/generic type
                 type is 'unknown-type'
     1>d:\vs\libisr\libisr\coreisr\objects\..//Objects//ISRView.h(90): error C2228: left of '.x' must have class/struct/union
     1>d:\vs\libisr\libisr\coreisr\objects\..//Objects//ISRView.h(91): error C2065: 'displayDepthImage' : undeclared identifier
     1>d:\vs\libisr\libisr\coreisr\objects\..//Objects//ISRView.h(91): error C2227: left of '->data' must point to class/struct/union/generic type
                 type is 'unknown-type'
     1>d:\vs\libisr\libisr\coreisr\objects\..//Objects//ISRView.h(91): error C2228: left of '.y' must have class/struct/union
     1>d:\vs\libisr\libisr\coreisr\objects\..//Objects//ISRView.h(92): error C2065: 'displayDepthImage' : undeclared identifier
     1>d:\vs\libisr\libisr\coreisr\objects\..//Objects//ISRView.h(92): error C2227: left of '->data' must point to class/struct/union/generic type
                 type is 'unknown-type'
     1>d:\vs\libisr\libisr\coreisr\objects\..//Objects//ISRView.h(92): error C2228: left of '.z' must have class/struct/union
     1>d:\vs\libisr\libisr\coreisr\objects\..//Objects//ISRView.h(96): error C2065: 'extrinsics' : undeclared identifier
     1>d:\vs\libisr\libisr\coreisr\objects\..//Objects//ISRView.h(96): error C2227: left of '->rH' must point to class/struct/union/generic type
                 type is 'unknown-type'
     1>d:\vs\libisr\libisr\coreisr\objects\..//Objects//ISRView.h(97): error C2065: 'extrinsics' : undeclared identifier
     1>d:\vs\libisr\libisr\coreisr\objects\..//Objects//ISRView.h(97): error C2227: left of '->rT' must point to class/struct/union/generic type
                 type is 'unknown-type'
     1>d:\vs\libisr\libisr\coreisr\objects\..//Objects//ISRView.h(111): error C2039: 'width' : is not a member of 'CoreISR::Objects::ISRView'
                 d:\vs\libisr\libisr\coreisr\objects\..//Objects//ISRView.h(23) : see declaration of 'CoreISR::Objects::ISRView'
     1>d:\vs\libisr\libisr\coreisr\objects\..//Objects//ISRView.h(113): error C2039: 'width' : is not a member of 'CoreISR::Objects::ISRView'
                 d:\vs\libisr\libisr\coreisr\objects\..//Objects//ISRView.h(23) : see declaration of 'CoreISR::Objects::ISRView'
     1>d:\vs\libisr\libisr\coreisr\objects\..//Objects//ISRView.h(113): error C2039: 'height' : is not a member of 'CoreISR::Objects::ISRView'
                 d:\vs\libisr\libisr\coreisr\objects\..//Objects//ISRView.h(23) : see declaration of 'CoreISR::Objects::ISRView'
     1>d:\vs\libisr\libisr\coreisr\objects\..//Objects//ISRView.h(115): error C2039: 'data' : is not a member of 'CoreISR::Objects::ISRImage<Vector4u>'
     1>d:\vs\libisr\libisr\coreisr\objects\..//Objects//ISRView.h(115): error C2228: left of '.x' must have class/struct/union
     1>d:\vs\libisr\libisr\coreisr\objects\..//Objects//ISRView.h(116): error C2039: 'data' : is not a member of 'CoreISR::Objects::ISRImage<Vector4u>'
     1>d:\vs\libisr\libisr\coreisr\objects\..//Objects//ISRView.h(116): error C2228: left of '.y' must have class/struct/union
     1>d:\vs\libisr\libisr\coreisr\objects\..//Objects//ISRView.h(117): error C2039: 'data' : is not a member of 'CoreISR::Objects::ISRImage<Vector4u>'
     1>d:\vs\libisr\libisr\coreisr\objects\..//Objects//ISRView.h(117): error C2228: left of '.z' must have class/struct/union
     1>d:\vs\libisr\libisr\coreisr\objects\..//Objects//ISRView.h(123): error C2039: 'data' : is not a member of 'CoreISR::Objects::ISRImage<Vector4u>'
     1>d:\vs\libisr\libisr\coreisr\objects\..//Objects//ISRView.h(123): error C2228: left of '.x' must have class/struct/union
     1>d:\vs\libisr\libisr\coreisr\objects\..//Objects//ISRView.h(124): error C2039: 'data' : is not a member of 'CoreISR::Objects::ISRImage<Vector4u>'
     1>d:\vs\libisr\libisr\coreisr\objects\..//Objects//ISRView.h(124): error C2228: left of '.y' must have class/struct/union
     1>d:\vs\libisr\libisr\coreisr\objects\..//Objects//ISRView.h(125): error C2039: 'data' : is not a member of 'CoreISR::Objects::ISRImage<Vector4u>'
     1>d:\vs\libisr\libisr\coreisr\objects\..//Objects//ISRView.h(125): error C2228: left of '.z' must have class/struct/union
     1>d:\vs\libisr\libisr\coreisr\Objects\\ISRFrame.h(46): error C2039: 'width' : is not a member of 'CoreISR::Objects::ISRFrame'
                 d:\vs\libisr\libisr\coreisr\Objects\\ISRFrame.h(21) : see declaration of 'CoreISR::Objects::ISRFrame'
     1>d:\vs\libisr\libisr\coreisr\Objects\\ISRFrame.h(47): error C2039: 'height' : is not a member of 'CoreISR::Objects::ISRFrame'
                 d:\vs\libisr\libisr\coreisr\Objects\\ISRFrame.h(21) : see declaration of 'CoreISR::Objects::ISRFrame'
     1>d:\vs\libisr\libisr\coreisr\Objects\\ISRFrame.h(50): warning C4800: 'int' : forcing value to bool 'true' or 'false' (performance warning)
     1>d:\vs\libisr\libisr\coreisr\Objects\\ISRFrame.h(51): warning C4800: 'int' : forcing value to bool 'true' or 'false' (performance warning)
     1>d:\vs\libisr\libisr\coreisr\Objects\\ISRFrame.h(52): warning C4800: 'int' : forcing value to bool 'true' or 'false' (performance warning)
     1>d:\vs\libisr\libisr\coreisr\Objects\\ISRFrame.h(53): warning C4800: 'int' : forcing value to bool 'true' or 'false' (performance warning)
     1>d:\vs\libisr\libisr\coreisr\Objects\\ISRFrame.h(54): warning C4800: 'int' : forcing value to bool 'true' or 'false' (performance warning)
     1>d:\vs\libisr\libisr\coreisr\Objects\\ISRFrame.h(55): warning C4800: 'int' : forcing value to bool 'true' or 'false' (performance warning)
     1>d:\vs\libisr\libisr\coreisr\Objects\\ISRFrame.h(56): warning C4800: 'int' : forcing value to bool 'true' or 'false' (performance warning)
     1>d:\vs\libisr\libisr\coreisr\Objects\\ISRFrame.h(59): warning C4800: 'int' : forcing value to bool 'true' or 'false' (performance warning)
     1>d:\vs\libisr\libisr\coreisr\Objects\\ISRFrame.h(60): warning C4800: 'int' : forcing value to bool 'true' or 'false' (performance warning)
     1>d:\vs\libisr\libisr\coreisr\Objects\\ISRFrame.h(73): error C2039: 'intrinsics' : is not a member of 'CoreISR::Objects::ISRFrame'
                 d:\vs\libisr\libisr\coreisr\Objects\\ISRFrame.h(21) : see declaration of 'CoreISR::Objects::ISRFrame'
     1>d:\vs\libisr\libisr\coreisr\Objects\\ISRFrame.h(74): error C2039: 'extrinsics' : is not a member of 'CoreISR::Objects::ISRFrame'
                 d:\vs\libisr\libisr\coreisr\Objects\\ISRFrame.h(21) : see declaration of 'CoreISR::Objects::ISRFrame'
     1>d:\vs\libisr\libisr\coreisr\Objects\\ISRFrame.h(77): error C2039: 'extrinsics' : is not a member of 'CoreISR::Objects::ISRFrame'
                 d:\vs\libisr\libisr\coreisr\Objects\\ISRFrame.h(21) : see declaration of 'CoreISR::Objects::ISRFrame'
     1>d:\vs\libisr\libisr\coreisr\Objects\\ISRFrame.h(77): error C2227: left of '->SetFrom' must point to class/struct/union/generic type
     1>d:\vs\libisr\libisr\coreisr\Objects\\ISRFrame.h(86): error C2039: 'data' : is not a member of 'CoreISR::Objects::ISRImage<Vector4u>'
     1>d:\vs\libisr\libisr\coreisr\Objects\\ISRFrame.h(86): error C2039: 'width' : is not a member of 'CoreISR::Objects::ISRFrame'
                 d:\vs\libisr\libisr\coreisr\Objects\\ISRFrame.h(21) : see declaration of 'CoreISR::Objects::ISRFrame'
     1>d:\vs\libisr\libisr\coreisr\Objects\\ISRFrame.h(86): error C2039: 'height' : is not a member of 'CoreISR::Objects::ISRFrame'
                 d:\vs\libisr\libisr\coreisr\Objects\\ISRFrame.h(21) : see declaration of 'CoreISR::Objects::ISRFrame'
     1>d:\vs\libisr\libisr\coreisr\Objects\\ISRFrame.h(86): error C2660: 'memcpy' : function does not take 1 arguments
     1>d:\vs\libisr\libisr\coreisr\Objects\\ISRFrame.h(87): error C2039: 'data' : is not a member of 'CoreISR::Objects::ISRImage<ushort>'
     1>d:\vs\libisr\libisr\coreisr\Objects\\ISRFrame.h(87): error C2039: 'width' : is not a member of 'CoreISR::Objects::ISRFrame'
                 d:\vs\libisr\libisr\coreisr\Objects\\ISRFrame.h(21) : see declaration of 'CoreISR::Objects::ISRFrame'
     1>d:\vs\libisr\libisr\coreisr\Objects\\ISRFrame.h(87): error C2039: 'height' : is not a member of 'CoreISR::Objects::ISRFrame'
                 d:\vs\libisr\libisr\coreisr\Objects\\ISRFrame.h(21) : see declaration of 'CoreISR::Objects::ISRFrame'
     1>d:\vs\libisr\libisr\coreisr\Objects\\ISRFrame.h(87): error C2660: 'memcpy' : function does not take 1 arguments
     1>d:\vs\libisr\libisr\coreisr\Objects\\ISRFrame.h(90): error C2039: 'height' : is not a member of 'CoreISR::Objects::ISRFrame'
                 d:\vs\libisr\libisr\coreisr\Objects\\ISRFrame.h(21) : see declaration of 'CoreISR::Objects::ISRFrame'
     1>d:\vs\libisr\libisr\coreisr\Objects\\ISRFrame.h(90): error C2039: 'width' : is not a member of 'CoreISR::Objects::ISRFrame'
                 d:\vs\libisr\libisr\coreisr\Objects\\ISRFrame.h(21) : see declaration of 'CoreISR::Objects::ISRFrame'
     1>d:\vs\libisr\libisr\coreisr\Objects\\ISRFrame.h(92): error C2039: 'width' : is not a member of 'CoreISR::Objects::ISRFrame'
                 d:\vs\libisr\libisr\coreisr\Objects\\ISRFrame.h(21) : see declaration of 'CoreISR::Objects::ISRFrame'
     1>d:\vs\libisr\libisr\coreisr\Objects\\ISRFrame.h(94): error C2039: 'data' : is not a member of 'CoreISR::Objects::ISRImage<ushort>'
     1>d:\vs\libisr\libisr\coreisr\Objects\\ISRFrame.h(97): error C2039: 'data' : is not a member of 'CoreISR::Objects::ISRImage<float>'
     1>d:\vs\libisr\libisr\coreisr\Objects\\ISRFrame.h(102): error C2039: 'data' : is not a member of 'CoreISR::Objects::ISRImage<Vector4u>'
     1>d:\vs\libisr\libisr\coreisr\Objects\\ISRFrame.h(102): error C2228: left of '.x' must have class/struct/union
     1>d:\vs\libisr\libisr\coreisr\Objects\\ISRFrame.h(103): error C2039: 'data' : is not a member of 'CoreISR::Objects::ISRImage<Vector4u>'
     1>d:\vs\libisr\libisr\coreisr\Objects\\ISRFrame.h(103): error C2228: left of '.y' must have class/struct/union
     1>d:\vs\libisr\libisr\coreisr\Objects\\ISRFrame.h(104): error C2039: 'data' : is not a member of 'CoreISR::Objects::ISRImage<Vector4u>'
     1>d:\vs\libisr\libisr\coreisr\Objects\\ISRFrame.h(104): error C2228: left of '.z' must have class/struct/union
     1>d:\vs\libisr\libisr\coreisr\Objects\\ISRFrame.h(108): error C2065: 'extrinsics' : undeclared identifier
     1>d:\vs\libisr\libisr\coreisr\Objects\\ISRFrame.h(108): error C2227: left of '->rH' must point to class/struct/union/generic type
                 type is 'unknown-type'
     1>d:\vs\libisr\libisr\coreisr\Objects\\ISRFrame.h(109): error C2065: 'extrinsics' : undeclared identifier
     1>d:\vs\libisr\libisr\coreisr\Objects\\ISRFrame.h(109): error C2227: left of '->rT' must point to class/struct/union/generic type
                 type is 'unknown-type'
     1>d:\vs\libisr\libisr\coreisr\Objects\\ISRFrame.h(123): error C2039: 'width' : is not a member of 'CoreISR::Objects::ISRFrame'
                 d:\vs\libisr\libisr\coreisr\Objects\\ISRFrame.h(21) : see declaration of 'CoreISR::Objects::ISRFrame'
     1>d:\vs\libisr\libisr\coreisr\Objects\\ISRFrame.h(125): error C2039: 'width' : is not a member of 'CoreISR::Objects::ISRFrame'
                 d:\vs\libisr\libisr\coreisr\Objects\\ISRFrame.h(21) : see declaration of 'CoreISR::Objects::ISRFrame'
     1>d:\vs\libisr\libisr\coreisr\Objects\\ISRFrame.h(125): error C2039: 'height' : is not a member of 'CoreISR::Objects::ISRFrame'
                 d:\vs\libisr\libisr\coreisr\Objects\\ISRFrame.h(21) : see declaration of 'CoreISR::Objects::ISRFrame'
     1>d:\vs\libisr\libisr\coreisr\Objects\\ISRFrame.h(127): error C2039: 'data' : is not a member of 'CoreISR::Objects::ISRImage<Vector4u>'
     1>d:\vs\libisr\libisr\coreisr\Objects\\ISRFrame.h(127): error C2228: left of '.x' must have class/struct/union
     1>d:\vs\libisr\libisr\coreisr\Objects\\ISRFrame.h(128): error C2039: 'data' : is not a member of 'CoreISR::Objects::ISRImage<Vector4u>'
     1>d:\vs\libisr\libisr\coreisr\Objects\\ISRFrame.h(128): error C2228: left of '.y' must have class/struct/union
     1>d:\vs\libisr\libisr\coreisr\Objects\\ISRFrame.h(129): error C2039: 'data' : is not a member of 'CoreISR::Objects::ISRImage<Vector4u>'
     1>d:\vs\libisr\libisr\coreisr\Objects\\ISRFrame.h(129): error C2228: left of '.z' must have class/struct/union
     1>d:\vs\libisr\libisr\coreisr\Objects\\ISRFrame.h(135): error C2039: 'data' : is not a member of 'CoreISR::Objects::ISRImage<Vector4u>'
     1>d:\vs\libisr\libisr\coreisr\Objects\\ISRFrame.h(135): error C2228: left of '.x' must have class/struct/union
     1>d:\vs\libisr\libisr\coreisr\Objects\\ISRFrame.h(136): error C2039: 'data' : is not a member of 'CoreISR::Objects::ISRImage<Vector4u>'
     1>d:\vs\libisr\libisr\coreisr\Objects\\ISRFrame.h(136): error C2228: left of '.y' must have class/struct/union
     1>d:\vs\libisr\libisr\coreisr\Objects\\ISRFrame.h(137): error C2039: 'data' : is not a member of 'CoreISR::Objects::ISRImage<Vector4u>'
     1>d:\vs\libisr\libisr\coreisr\Objects\\ISRFrame.h(137): error C2228: left of '.z' must have class/struct/union
     1>d:\vs\libisr\libisr\coreisr\engine\..//Objects//ISRShapeUnion.h(41): error C2440: 'initializing' : cannot convert from 'Matrix3f' to 'float *'
                 No user-defined-conversion operator available that can perform this conversion, or the operator cannot be called
     1>d:\vs\libisr\libisr\coreisr\engine\..//Objects//ISRShapeUnion.h(106): error C2039: 'intrinsics' : is not a member of 'CoreISR::Objects::ISRFrame'
                 d:\vs\libisr\libisr\coreisr\Objects\\ISRFrame.h(21) : see declaration of 'CoreISR::Objects::ISRFrame'
     1>d:\vs\libisr\libisr\coreisr\engine\..//Objects//ISRShapeUnion.h(106): error C2660: 'CoreISR::Objects::ISRShapeUnion::GetBoundingBox' : function does not take 2 arguments
     1>d:\vs\libisr\libisr\coreisr\engine\..//Objects//ISRShapeUnion.h(108): warning C4244: 'initializing' : conversion from 'float' to 'int', possible loss of data
     1>d:\vs\libisr\libisr\coreisr\engine\..//Objects//ISRShapeUnion.h(109): warning C4244: 'initializing' : conversion from 'float' to 'int', possible loss of data
     1>d:\vs\libisr\libisr\coreisr\engine\..//Objects//ISRShapeUnion.h(111): error C2039: 'width' : is not a member of 'CoreISR::Objects::ISRFrame'
                 d:\vs\libisr\libisr\coreisr\Objects\\ISRFrame.h(21) : see declaration of 'CoreISR::Objects::ISRFrame'
     1>d:\vs\libisr\libisr\coreisr\engine\..//Objects//ISRShapeUnion.h(113): error C2039: 'data' : is not a member of 'CoreISR::Objects::ISRImage<uchar>'
     1>d:\vs\libisr\libisr\coreisr\engine\..//Objects//ISRShapeUnion.h(114): error C2039: 'data' : is not a member of 'CoreISR::Objects::ISRImage<uchar>'
     1>d:\vs\libisr\libisr\coreisr\engine\..//Objects//ISRShapeUnion.h(118): warning C4244: 'argument' : conversion from 'int' to 'float', possible loss of data
     1>main.cpp(63): error C2039: 'data' : is not a member of 'CoreISR::Objects::ISRImage<Vector4u>'
     1>main.cpp(63): error C2228: left of '.x' must have class/struct/union
     1>main.cpp(64): error C2039: 'data' : is not a member of 'CoreISR::Objects::ISRImage<Vector4u>'
     1>main.cpp(64): error C2228: left of '.y' must have class/struct/union
     1>main.cpp(65): error C2039: 'data' : is not a member of 'CoreISR::Objects::ISRImage<Vector4u>'
     1>main.cpp(65): error C2228: left of '.z' must have class/struct/union
     1>main.cpp(82): error C2039: 'intrinsics' : is not a member of 'CoreISR::Objects::ISRFrame'
                 d:\vs\libisr\libisr\coreisr\Objects\\ISRFrame.h(21) : see declaration of 'CoreISR::Objects::ISRFrame'
     1>main.cpp(82): error C2227: left of '->SetFrom' must point to class/struct/union/generic type
     1>main.cpp(83): error C2039: 'extrinsics' : is not a member of 'CoreISR::Objects::ISRFrame'
                 d:\vs\libisr\libisr\coreisr\Objects\\ISRFrame.h(21) : see declaration of 'CoreISR::Objects::ISRFrame'
     1>main.cpp(85): error C2061: syntax error : identifier 'objCount'
     1>main.cpp(87): error C2227: left of '->ISRShapeUnion' must point to class/struct/union/generic type
     1>main.cpp(87): error C2061: syntax error : identifier 'ISRShapeUnion'
     1>main.cpp(88): error C2061: syntax error : identifier 'ISROptimizationHelper'
     1>main.cpp(95): error C2227: left of '->shapes' must point to class/struct/union/generic type
                 type is 'unknown-type'
     1>main.cpp(96): error C2065: 'myShapeUnion' : undeclared identifier
     1>main.cpp(96): error C2227: left of '->shapes' must point to class/struct/union/generic type
                 type is 'unknown-type'
     1>main.cpp(96): error C2227: left of '->LoadShapeFromFile' must point to class/struct/union/generic type
     1>main.cpp(100): error C2065: 'myShapeUnion' : undeclared identifier
     1>main.cpp(100): fatal error C1003: error count exceeds 100; stopping compilation
         IOUtil.cpp
     1>d:\vs\libisr\libisr\coreisr\Objects\\ISRHistogram.h(59): error C2039: 'data' : is not a member of 'CoreISR::Objects::ISRImage<Vector4u>'
     1>d:\vs\libisr\libisr\coreisr\Objects\\ISRHistogram.h(61): error C2039: 'height' : is not a member of 'CoreISR::Objects::ISRImage<uchar>'
     1>d:\vs\libisr\libisr\coreisr\Objects\\ISRHistogram.h(61): error C2039: 'width' : is not a member of 'CoreISR::Objects::ISRImage<uchar>'
     1>d:\vs\libisr\libisr\coreisr\Objects\\ISRHistogram.h(63): error C2039: 'width' : is not a member of 'CoreISR::Objects::ISRImage<uchar>'
     1>d:\vs\libisr\libisr\coreisr\Objects\\ISRHistogram.h(70): error C2039: 'data' : is not a member of 'CoreISR::Objects::ISRImage<uchar>'
     1>d:\vs\libisr\libisr\coreisr\Objects\\ISRShape.h(54): warning C4244: '=' : conversion from 'double' to 'int', possible loss of data
     1>d:\vs\libisr\libisr\coreisr\Objects\\ISRShape.h(122): warning C4244: 'initializing' : conversion from 'double' to 'int', possible loss of data
     1>d:\vs\libisr\libisr\coreisr\Objects\\ISRShape.h(123): warning C4244: 'initializing' : conversion from 'double' to 'int', possible loss of data
     1>d:\vs\libisr\libisr\coreisr\Objects\\ISRShape.h(124): warning C4244: 'initializing' : conversion from 'double' to 'int', possible loss of data
     1>d:\vs\libisr\libisr\coreisr\Objects\\ISRShape.h(134): warning C4244: 'initializing' : conversion from 'double' to 'int', possible loss of data
     1>d:\vs\libisr\libisr\coreisr\Objects\\ISRShape.h(135): warning C4244: 'initializing' : conversion from 'double' to 'int', possible loss of data
     1>d:\vs\libisr\libisr\coreisr\Objects\\ISRShape.h(136): warning C4244: 'initializing' : conversion from 'double' to 'int', possible loss of data
     1>d:\vs\libisr\libisr\coreisr\objects\..//Objects//ISRView.h(90): error C2065: 'displayDepthImage' : undeclared identifier
     1>d:\vs\libisr\libisr\coreisr\objects\..//Objects//ISRView.h(90): error C2227: left of '->data' must point to class/struct/union/generic type
                 type is 'unknown-type'
     1>d:\vs\libisr\libisr\coreisr\objects\..//Objects//ISRView.h(90): error C2228: left of '.x' must have class/struct/union
     1>d:\vs\libisr\libisr\coreisr\objects\..//Objects//ISRView.h(91): error C2065: 'displayDepthImage' : undeclared identifier
     1>d:\vs\libisr\libisr\coreisr\objects\..//Objects//ISRView.h(91): error C2227: left of '->data' must point to class/struct/union/generic type
                 type is 'unknown-type'
     1>d:\vs\libisr\libisr\coreisr\objects\..//Objects//ISRView.h(91): error C2228: left of '.y' must have class/struct/union
     1>d:\vs\libisr\libisr\coreisr\objects\..//Objects//ISRView.h(92): error C2065: 'displayDepthImage' : undeclared identifier
     1>d:\vs\libisr\libisr\coreisr\objects\..//Objects//ISRView.h(92): error C2227: left of '->data' must point to class/struct/union/generic type
                 type is 'unknown-type'
     1>d:\vs\libisr\libisr\coreisr\objects\..//Objects//ISRView.h(92): error C2228: left of '.z' must have class/struct/union
     1>d:\vs\libisr\libisr\coreisr\objects\..//Objects//ISRView.h(96): error C2065: 'extrinsics' : undeclared identifier
     1>d:\vs\libisr\libisr\coreisr\objects\..//Objects//ISRView.h(96): error C2227: left of '->rH' must point to class/struct/union/generic type
                 type is 'unknown-type'
     1>d:\vs\libisr\libisr\coreisr\objects\..//Objects//ISRView.h(97): error C2065: 'extrinsics' : undeclared identifier
     1>d:\vs\libisr\libisr\coreisr\objects\..//Objects//ISRView.h(97): error C2227: left of '->rT' must point to class/struct/union/generic type
                 type is 'unknown-type'
     1>d:\vs\libisr\libisr\coreisr\objects\..//Objects//ISRView.h(111): error C2039: 'width' : is not a member of 'CoreISR::Objects::ISRView'
                 d:\vs\libisr\libisr\coreisr\objects\..//Objects//ISRView.h(23) : see declaration of 'CoreISR::Objects::ISRView'
     1>d:\vs\libisr\libisr\coreisr\objects\..//Objects//ISRView.h(113): error C2039: 'width' : is not a member of 'CoreISR::Objects::ISRView'
                 d:\vs\libisr\libisr\coreisr\objects\..//Objects//ISRView.h(23) : see declaration of 'CoreISR::Objects::ISRView'
     1>d:\vs\libisr\libisr\coreisr\objects\..//Objects//ISRView.h(113): error C2039: 'height' : is not a member of 'CoreISR::Objects::ISRView'
                 d:\vs\libisr\libisr\coreisr\objects\..//Objects//ISRView.h(23) : see declaration of 'CoreISR::Objects::ISRView'
     1>d:\vs\libisr\libisr\coreisr\objects\..//Objects//ISRView.h(115): error C2039: 'data' : is not a member of 'CoreISR::Objects::ISRImage<Vector4u>'
     1>d:\vs\libisr\libisr\coreisr\objects\..//Objects//ISRView.h(115): error C2228: left of '.x' must have class/struct/union
     1>d:\vs\libisr\libisr\coreisr\objects\..//Objects//ISRView.h(116): error C2039: 'data' : is not a member of 'CoreISR::Objects::ISRImage<Vector4u>'
     1>d:\vs\libisr\libisr\coreisr\objects\..//Objects//ISRView.h(116): error C2228: left of '.y' must have class/struct/union
     1>d:\vs\libisr\libisr\coreisr\objects\..//Objects//ISRView.h(117): error C2039: 'data' : is not a member of 'CoreISR::Objects::ISRImage<Vector4u>'
     1>d:\vs\libisr\libisr\coreisr\objects\..//Objects//ISRView.h(117): error C2228: left of '.z' must have class/struct/union
     1>d:\vs\libisr\libisr\coreisr\objects\..//Objects//ISRView.h(123): error C2039: 'data' : is not a member of 'CoreISR::Objects::ISRImage<Vector4u>'
     1>d:\vs\libisr\libisr\coreisr\objects\..//Objects//ISRView.h(123): error C2228: left of '.x' must have class/struct/union
     1>d:\vs\libisr\libisr\coreisr\objects\..//Objects//ISRView.h(124): error C2039: 'data' : is not a member of 'CoreISR::Objects::ISRImage<Vector4u>'
     1>d:\vs\libisr\libisr\coreisr\objects\..//Objects//ISRView.h(124): error C2228: left of '.y' must have class/struct/union
     1>d:\vs\libisr\libisr\coreisr\objects\..//Objects//ISRView.h(125): error C2039: 'data' : is not a member of 'CoreISR::Objects::ISRImage<Vector4u>'
     1>d:\vs\libisr\libisr\coreisr\objects\..//Objects//ISRView.h(125): error C2228: left of '.z' must have class/struct/union
     1>d:\vs\libisr\libisr\coreisr\Objects\\ISRFrame.h(46): error C2039: 'width' : is not a member of 'CoreISR::Objects::ISRFrame'
                 d:\vs\libisr\libisr\coreisr\Objects\\ISRFrame.h(21) : see declaration of 'CoreISR::Objects::ISRFrame'
     1>d:\vs\libisr\libisr\coreisr\Objects\\ISRFrame.h(47): error C2039: 'height' : is not a member of 'CoreISR::Objects::ISRFrame'
                 d:\vs\libisr\libisr\coreisr\Objects\\ISRFrame.h(21) : see declaration of 'CoreISR::Objects::ISRFrame'
     1>d:\vs\libisr\libisr\coreisr\Objects\\ISRFrame.h(50): warning C4800: 'int' : forcing value to bool 'true' or 'false' (performance warning)
     1>d:\vs\libisr\libisr\coreisr\Objects\\ISRFrame.h(51): warning C4800: 'int' : forcing value to bool 'true' or 'false' (performance warning)
     1>d:\vs\libisr\libisr\coreisr\Objects\\ISRFrame.h(52): warning C4800: 'int' : forcing value to bool 'true' or 'false' (performance warning)
     1>d:\vs\libisr\libisr\coreisr\Objects\\ISRFrame.h(53): warning C4800: 'int' : forcing value to bool 'true' or 'false' (performance warning)
     1>d:\vs\libisr\libisr\coreisr\Objects\\ISRFrame.h(54): warning C4800: 'int' : forcing value to bool 'true' or 'false' (performance warning)
     1>d:\vs\libisr\libisr\coreisr\Objects\\ISRFrame.h(55): warning C4800: 'int' : forcing value to bool 'true' or 'false' (performance warning)
     1>d:\vs\libisr\libisr\coreisr\Objects\\ISRFrame.h(56): warning C4800: 'int' : forcing value to bool 'true' or 'false' (performance warning)
     1>d:\vs\libisr\libisr\coreisr\Objects\\ISRFrame.h(59): warning C4800: 'int' : forcing value to bool 'true' or 'false' (performance warning)
     1>d:\vs\libisr\libisr\coreisr\Objects\\ISRFrame.h(60): warning C4800: 'int' : forcing value to bool 'true' or 'false' (performance warning)
     1>d:\vs\libisr\libisr\coreisr\Objects\\ISRFrame.h(73): error C2039: 'intrinsics' : is not a member of 'CoreISR::Objects::ISRFrame'
                 d:\vs\libisr\libisr\coreisr\Objects\\ISRFrame.h(21) : see declaration of 'CoreISR::Objects::ISRFrame'
     1>d:\vs\libisr\libisr\coreisr\Objects\\ISRFrame.h(74): error C2039: 'extrinsics' : is not a member of 'CoreISR::Objects::ISRFrame'
                 d:\vs\libisr\libisr\coreisr\Objects\\ISRFrame.h(21) : see declaration of 'CoreISR::Objects::ISRFrame'
     1>d:\vs\libisr\libisr\coreisr\Objects\\ISRFrame.h(77): error C2039: 'extrinsics' : is not a member of 'CoreISR::Objects::ISRFrame'
                 d:\vs\libisr\libisr\coreisr\Objects\\ISRFrame.h(21) : see declaration of 'CoreISR::Objects::ISRFrame'
     1>d:\vs\libisr\libisr\coreisr\Objects\\ISRFrame.h(77): error C2227: left of '->SetFrom' must point to class/struct/union/generic type
     1>d:\vs\libisr\libisr\coreisr\Objects\\ISRFrame.h(86): error C2039: 'data' : is not a member of 'CoreISR::Objects::ISRImage<Vector4u>'
     1>d:\vs\libisr\libisr\coreisr\Objects\\ISRFrame.h(86): error C2039: 'width' : is not a member of 'CoreISR::Objects::ISRFrame'
                 d:\vs\libisr\libisr\coreisr\Objects\\ISRFrame.h(21) : see declaration of 'CoreISR::Objects::ISRFrame'
     1>d:\vs\libisr\libisr\coreisr\Objects\\ISRFrame.h(86): error C2039: 'height' : is not a member of 'CoreISR::Objects::ISRFrame'
                 d:\vs\libisr\libisr\coreisr\Objects\\ISRFrame.h(21) : see declaration of 'CoreISR::Objects::ISRFrame'
     1>d:\vs\libisr\libisr\coreisr\Objects\\ISRFrame.h(86): error C2660: 'memcpy' : function does not take 1 arguments
     1>d:\vs\libisr\libisr\coreisr\Objects\\ISRFrame.h(87): error C2039: 'data' : is not a member of 'CoreISR::Objects::ISRImage<ushort>'
     1>d:\vs\libisr\libisr\coreisr\Objects\\ISRFrame.h(87): error C2039: 'width' : is not a member of 'CoreISR::Objects::ISRFrame'
                 d:\vs\libisr\libisr\coreisr\Objects\\ISRFrame.h(21) : see declaration of 'CoreISR::Objects::ISRFrame'
     1>d:\vs\libisr\libisr\coreisr\Objects\\ISRFrame.h(87): error C2039: 'height' : is not a member of 'CoreISR::Objects::ISRFrame'
                 d:\vs\libisr\libisr\coreisr\Objects\\ISRFrame.h(21) : see declaration of 'CoreISR::Objects::ISRFrame'
     1>d:\vs\libisr\libisr\coreisr\Objects\\ISRFrame.h(87): error C2660: 'memcpy' : function does not take 1 arguments
     1>d:\vs\libisr\libisr\coreisr\Objects\\ISRFrame.h(90): error C2039: 'height' : is not a member of 'CoreISR::Objects::ISRFrame'
                 d:\vs\libisr\libisr\coreisr\Objects\\ISRFrame.h(21) : see declaration of 'CoreISR::Objects::ISRFrame'
     1>d:\vs\libisr\libisr\coreisr\Objects\\ISRFrame.h(90): error C2039: 'width' : is not a member of 'CoreISR::Objects::ISRFrame'
                 d:\vs\libisr\libisr\coreisr\Objects\\ISRFrame.h(21) : see declaration of 'CoreISR::Objects::ISRFrame'
     1>d:\vs\libisr\libisr\coreisr\Objects\\ISRFrame.h(92): error C2039: 'width' : is not a member of 'CoreISR::Objects::ISRFrame'
                 d:\vs\libisr\libisr\coreisr\Objects\\ISRFrame.h(21) : see declaration of 'CoreISR::Objects::ISRFrame'
     1>d:\vs\libisr\libisr\coreisr\Objects\\ISRFrame.h(94): error C2039: 'data' : is not a member of 'CoreISR::Objects::ISRImage<ushort>'
     1>d:\vs\libisr\libisr\coreisr\Objects\\ISRFrame.h(97): error C2039: 'data' : is not a member of 'CoreISR::Objects::ISRImage<float>'
     1>d:\vs\libisr\libisr\coreisr\Objects\\ISRFrame.h(102): error C2039: 'data' : is not a member of 'CoreISR::Objects::ISRImage<Vector4u>'
     1>d:\vs\libisr\libisr\coreisr\Objects\\ISRFrame.h(102): error C2228: left of '.x' must have class/struct/union
     1>d:\vs\libisr\libisr\coreisr\Objects\\ISRFrame.h(103): error C2039: 'data' : is not a member of 'CoreISR::Objects::ISRImage<Vector4u>'
     1>d:\vs\libisr\libisr\coreisr\Objects\\ISRFrame.h(103): error C2228: left of '.y' must have class/struct/union
     1>d:\vs\libisr\libisr\coreisr\Objects\\ISRFrame.h(104): error C2039: 'data' : is not a member of 'CoreISR::Objects::ISRImage<Vector4u>'
     1>d:\vs\libisr\libisr\coreisr\Objects\\ISRFrame.h(104): error C2228: left of '.z' must have class/struct/union
     1>d:\vs\libisr\libisr\coreisr\Objects\\ISRFrame.h(108): error C2065: 'extrinsics' : undeclared identifier
     1>d:\vs\libisr\libisr\coreisr\Objects\\ISRFrame.h(108): error C2227: left of '->rH' must point to class/struct/union/generic type
                 type is 'unknown-type'
     1>d:\vs\libisr\libisr\coreisr\Objects\\ISRFrame.h(109): error C2065: 'extrinsics' : undeclared identifier
     1>d:\vs\libisr\libisr\coreisr\Objects\\ISRFrame.h(109): error C2227: left of '->rT' must point to class/struct/union/generic type
                 type is 'unknown-type'
     1>d:\vs\libisr\libisr\coreisr\Objects\\ISRFrame.h(123): error C2039: 'width' : is not a member of 'CoreISR::Objects::ISRFrame'
                 d:\vs\libisr\libisr\coreisr\Objects\\ISRFrame.h(21) : see declaration of 'CoreISR::Objects::ISRFrame'
     1>d:\vs\libisr\libisr\coreisr\Objects\\ISRFrame.h(125): error C2039: 'width' : is not a member of 'CoreISR::Objects::ISRFrame'
                 d:\vs\libisr\libisr\coreisr\Objects\\ISRFrame.h(21) : see declaration of 'CoreISR::Objects::ISRFrame'
     1>d:\vs\libisr\libisr\coreisr\Objects\\ISRFrame.h(125): error C2039: 'height' : is not a member of 'CoreISR::Objects::ISRFrame'
                 d:\vs\libisr\libisr\coreisr\Objects\\ISRFrame.h(21) : see declaration of 'CoreISR::Objects::ISRFrame'
     1>d:\vs\libisr\libisr\coreisr\Objects\\ISRFrame.h(127): error C2039: 'data' : is not a member of 'CoreISR::Objects::ISRImage<Vector4u>'
     1>d:\vs\libisr\libisr\coreisr\Objects\\ISRFrame.h(127): error C2228: left of '.x' must have class/struct/union
     1>d:\vs\libisr\libisr\coreisr\Objects\\ISRFrame.h(128): error C2039: 'data' : is not a member of 'CoreISR::Objects::ISRImage<Vector4u>'
     1>d:\vs\libisr\libisr\coreisr\Objects\\ISRFrame.h(128): error C2228: left of '.y' must have class/struct/union
     1>d:\vs\libisr\libisr\coreisr\Objects\\ISRFrame.h(129): error C2039: 'data' : is not a member of 'CoreISR::Objects::ISRImage<Vector4u>'
     1>d:\vs\libisr\libisr\coreisr\Objects\\ISRFrame.h(129): error C2228: left of '.z' must have class/struct/union
     1>d:\vs\libisr\libisr\coreisr\Objects\\ISRFrame.h(135): error C2039: 'data' : is not a member of 'CoreISR::Objects::ISRImage<Vector4u>'
     1>d:\vs\libisr\libisr\coreisr\Objects\\ISRFrame.h(135): error C2228: left of '.x' must have class/struct/union
     1>d:\vs\libisr\libisr\coreisr\Objects\\ISRFrame.h(136): error C2039: 'data' : is not a member of 'CoreISR::Objects::ISRImage<Vector4u>'
     1>d:\vs\libisr\libisr\coreisr\Objects\\ISRFrame.h(136): error C2228: left of '.y' must have class/struct/union
     1>d:\vs\libisr\libisr\coreisr\Objects\\ISRFrame.h(137): error C2039: 'data' : is not a member of 'CoreISR::Objects::ISRImage<Vector4u>'
     1>d:\vs\libisr\libisr\coreisr\Objects\\ISRFrame.h(137): error C2228: left of '.z' must have class/struct/union
     1>d:\vs\libisr\libisr\coreisr\engine\..//Objects//ISRShapeUnion.h(41): error C2440: 'initializing' : cannot convert from 'Matrix3f' to 'float *'
                 No user-defined-conversion operator available that can perform this conversion, or the operator cannot be called
     1>d:\vs\libisr\libisr\coreisr\engine\..//Objects//ISRShapeUnion.h(106): error C2039: 'intrinsics' : is not a member of 'CoreISR::Objects::ISRFrame'
                 d:\vs\libisr\libisr\coreisr\Objects\\ISRFrame.h(21) : see declaration of 'CoreISR::Objects::ISRFrame'
     1>d:\vs\libisr\libisr\coreisr\engine\..//Objects//ISRShapeUnion.h(106): error C2660: 'CoreISR::Objects::ISRShapeUnion::GetBoundingBox' : function does not take 2 arguments
     1>d:\vs\libisr\libisr\coreisr\engine\..//Objects//ISRShapeUnion.h(108): warning C4244: 'initializing' : conversion from 'float' to 'int', possible loss of data
     1>d:\vs\libisr\libisr\coreisr\engine\..//Objects//ISRShapeUnion.h(109): warning C4244: 'initializing' : conversion from 'float' to 'int', possible loss of data
     1>d:\vs\libisr\libisr\coreisr\engine\..//Objects//ISRShapeUnion.h(111): error C2039: 'width' : is not a member of 'CoreISR::Objects::ISRFrame'
                 d:\vs\libisr\libisr\coreisr\Objects\\ISRFrame.h(21) : see declaration of 'CoreISR::Objects::ISRFrame'
     1>d:\vs\libisr\libisr\coreisr\engine\..//Objects//ISRShapeUnion.h(113): error C2039: 'data' : is not a member of 'CoreISR::Objects::ISRImage<uchar>'
     1>d:\vs\libisr\libisr\coreisr\engine\..//Objects//ISRShapeUnion.h(114): error C2039: 'data' : is not a member of 'CoreISR::Objects::ISRImage<uchar>'
     1>d:\vs\libisr\libisr\coreisr\engine\..//Objects//ISRShapeUnion.h(118): warning C4244: 'argument' : conversion from 'int' to 'float', possible loss of data
     1>Done Building Project "D:\VS\LibISR\LibISR\LibISR.vcxproj" (Build target(s)) -- FAILED.

Build FAILED.

Time Elapsed 00:00:01.89
